<?xml version="1.0" encoding="UTF-8"?>
<!-- Generated by org.testng.reporters.JUnitReportReporter -->
<testsuite skipped="0" hostname="CL-NB-809" name="com.project.pages.Login" tests="1" failures="0" timestamp="2020-07-14T16:37:32 CLT" time="50.970" errors="0">
  <testcase name="ingresaUsuario" time="50.970" classname="com.project.pages.Login"/>
  <system-out/>
</testsuite> <!-- com.project.pages.Login -->
