<?xml version="1.0" encoding="UTF-8"?>
<!-- Generated by org.testng.reporters.JUnitReportReporter -->
<testsuite skipped="0" hostname="LAPTOP-3OR0QHOB" name="com.project.pages.Login" tests="1" failures="0" timestamp="2020-07-20T22:01:27 CLT" time="3.931" errors="0">
  <testcase name="ingresaUsuario" time="3.931" classname="com.project.pages.Login"/>
  <system-out/>
</testsuite> <!-- com.project.pages.Login -->
